#-----------------------------------------------------------
# Vivado v2019.1 (64-bit)
# SW Build 2552052 on Fri May 24 14:49:42 MDT 2019
# IP Build 2548770 on Fri May 24 18:01:18 MDT 2019
# Start of session at: Mon Jun 26 23:21:12 2023
# Process ID: 40380
# Current directory: D:/verilog_learn/personal_project/fft_test
# Command line: vivado.exe -gui_launcher_event rodinguilauncherevent38260 D:\verilog_learn\personal_project\fft_test\fft_test.xpr
# Log file: D:/verilog_learn/personal_project/fft_test/vivado.log
# Journal file: D:/verilog_learn/personal_project/fft_test\vivado.jou
#-----------------------------------------------------------
start_gui
open_project D:/verilog_learn/personal_project/fft_test/fft_test.xpr
CRITICAL WARNING: [Project 1-19] Could not find the file 'D:/BaiduNetdiskDownload/fft_test3/fft_test2/fft_testbench_behav.wcfg'.
CRITICAL WARNING: [Project 1-19] Could not find the file 'D:/BaiduNetdiskDownload/fft_test3/fft_test3/fft_testbench_behav.wcfg'.
CRITICAL WARNING: [Project 1-19] Could not find the file 'D:/BaiduNetdiskDownload/fft_test3/fft_test3/fft_float_tb_behav.wcfg'.
Scanning sources...
Finished scanning sources
INFO: [IP_Flow 19-234] Refreshing IP repositories
INFO: [IP_Flow 19-1704] No user IP repositories specified
INFO: [IP_Flow 19-2313] Loaded Vivado IP repository 'D:/Xilinx/Vivado/2019.1/data/ip'.
WARNING: [IP_Flow 19-3664] IP 'xfft_1' generated file not found 'd:/verilog_learn/personal_project/fft_test/fft_test.srcs/sources_1/ip/xfft_1/xfft_1.dcp'. Please regenerate to continue.
WARNING: [IP_Flow 19-3664] IP 'xfft_1' generated file not found 'd:/verilog_learn/personal_project/fft_test/fft_test.srcs/sources_1/ip/xfft_1/xfft_1_stub.v'. Please regenerate to continue.
WARNING: [IP_Flow 19-3664] IP 'xfft_1' generated file not found 'd:/verilog_learn/personal_project/fft_test/fft_test.srcs/sources_1/ip/xfft_1/xfft_1_stub.vhdl'. Please regenerate to continue.
WARNING: [IP_Flow 19-3664] IP 'xfft_1' generated file not found 'd:/verilog_learn/personal_project/fft_test/fft_test.srcs/sources_1/ip/xfft_1/xfft_1_sim_netlist.v'. Please regenerate to continue.
WARNING: [IP_Flow 19-3664] IP 'xfft_1' generated file not found 'd:/verilog_learn/personal_project/fft_test/fft_test.srcs/sources_1/ip/xfft_1/xfft_1_sim_netlist.vhdl'. Please regenerate to continue.
open_project: Time (s): cpu = 00:00:20 ; elapsed = 00:00:09 . Memory (MB): peak = 775.875 ; gain = 152.957
update_compile_order -fileset sources_1
exit
INFO: [Common 17-206] Exiting Vivado at Mon Jun 26 23:21:50 2023...
